[0903/135135.196:ERROR:process_memory_win.cc(73)] ReadMemory at 0x7ff709620000 of 64 bytes failed: Only part of a ReadProcessMemory or WriteProcessMemory request was completed. (0x12B)
[0903/135136.344:WARNING:pe_image_reader.cc(340)] could not read dos header from C:\Program Files (x86)\Google\Chrome\Application\chrome.exe
[0903/135136.344:ERROR:process_memory_win.cc(73)] ReadMemory at 0x7ffd5ad10000 of 64 bytes failed: Only part of a ReadProcessMemory or WriteProcessMemory request was completed. (0x12B)
[0903/135136.344:WARNING:pe_image_reader.cc(340)] could not read dos header from C:\Windows\SYSTEM32\ntdll.dll
[0903/135136.345:ERROR:process_memory_win.cc(73)] ReadMemory at 0x7ffd5a560000 of 64 bytes failed: Only part of a ReadProcessMemory or WriteProcessMemory request was completed. (0x12B)
[0903/135137.112:WARNING:pe_image_reader.cc(340)] could not read dos header from C:\Windows\System32\KERNEL32.DLL
[0903/135137.112:ERROR:process_memory_win.cc(73)] ReadMemory at 0x7ffd56ee0000 of 64 bytes failed: Only part of a ReadProcessMemory or WriteProcessMemory request was completed. (0x12B)
[0903/135137.112:WARNING:pe_image_reader.cc(340)] could not read dos header from C:\Windows\System32\KERNELBASE.dll
[0903/135137.112:ERROR:process_memory_win.cc(73)] ReadMemory at 0x7ffd21de0000 of 64 bytes failed: Only part of a ReadProcessMemory or WriteProcessMemory request was completed. (0x12B)
[0903/135137.112:WARNING:pe_image_reader.cc(340)] could not read dos header from C:\Program Files (x86)\Google\Chrome\Application\84.0.4147.135\chrome_elf.dll
[0903/135137.112:ERROR:process_memory_win.cc(73)] ReadMemory at 0x7ffd50280000 of 64 bytes failed: Only part of a ReadProcessMemory or WriteProcessMemory request was completed. (0x12B)
[0903/135137.112:WARNING:pe_image_reader.cc(340)] could not read dos header from C:\Windows\SYSTEM32\VERSION.dll
[0903/135137.113:ERROR:process_memory_win.cc(73)] ReadMemory at 0x7ffd5a310000 of 64 bytes failed: Only part of a ReadProcessMemory or WriteProcessMemory request was completed. (0x12B)
[0903/135137.113:WARNING:pe_image_reader.cc(340)] could not read dos header from C:\Windows\System32\msvcrt.dll
[0903/135137.113:ERROR:process_memory_win.cc(73)] ReadMemory at 0x7ffd57450000 of 64 bytes failed: Only part of a ReadProcessMemory or WriteProcessMemory request was completed. (0x12B)
[0903/135137.113:WARNING:pe_image_reader.cc(340)] could not read dos header from C:\Windows\System32\bcryptPrimitives.dll
[0903/135137.113:ERROR:process_memory_win.cc(73)] ReadMemory at 0x7ffd586a0000 of 64 bytes failed: Only part of a ReadProcessMemory or WriteProcessMemory request was completed. (0x12B)
[0903/135137.114:WARNING:pe_image_reader.cc(340)] could not read dos header from C:\Windows\System32\ADVAPI32.dll
[0903/135137.114:ERROR:process_memory_win.cc(73)] ReadMemory at 0x7ffd5a1c0000 of 64 bytes failed: Only part of a ReadProcessMemory or WriteProcessMemory request was completed. (0x12B)
[0903/135137.114:WARNING:pe_image_reader.cc(340)] could not read dos header from C:\Windows\System32\sechost.dll
[0903/135137.114:ERROR:process_memory_win.cc(73)] ReadMemory at 0x7ffd58570000 of 64 bytes failed: Only part of a ReadProcessMemory or WriteProcessMemory request was completed. (0x12B)
[0903/135137.114:WARNING:pe_image_reader.cc(340)] could not read dos header from C:\Windows\System32\RPCRT4.dll
[0903/135137.114:ERROR:process_memory_win.cc(73)] ReadMemory at 0x7ffceb630000 of 64 bytes failed: Only part of a ReadProcessMemory or WriteProcessMemory request was completed. (0x12B)
[0903/135137.115:WARNING:pe_image_reader.cc(340)] could not read dos header from C:\Program Files (x86)\Google\Chrome\Application\84.0.4147.135\chrome.dll
[0903/135137.115:ERROR:process_memory_win.cc(73)] ReadMemory at 0x7ffd58920000 of 64 bytes failed: Only part of a ReadProcessMemory or WriteProcessMemory request was completed. (0x12B)
[0903/135137.115:WARNING:pe_image_reader.cc(340)] could not read dos header from C:\Windows\System32\WS2_32.dll
[0903/135137.115:ERROR:process_memory_win.cc(73)] ReadMemory at 0x7ffd5a0f0000 of 64 bytes failed: Only part of a ReadProcessMemory or WriteProcessMemory request was completed. (0x12B)
[0903/135137.116:WARNING:pe_image_reader.cc(340)] could not read dos header from C:\Windows\System32\OLEAUT32.dll
[0903/135137.116:ERROR:process_memory_win.cc(73)] ReadMemory at 0x7ffd573b0000 of 64 bytes failed: Only part of a ReadProcessMemory or WriteProcessMemory request was completed. (0x12B)
[0903/135137.116:WARNING:pe_image_reader.cc(340)] could not read dos header from C:\Windows\System32\msvcp_win.dll
[0903/135137.116:ERROR:process_memory_win.cc(73)] ReadMemory at 0x7ffd574f0000 of 64 bytes failed: Only part of a ReadProcessMemory or WriteProcessMemory request was completed. (0x12B)
[0903/135137.116:WARNING:pe_image_reader.cc(340)] could not read dos header from C:\Windows\System32\ucrtbase.dll
[0903/135137.116:ERROR:process_memory_win.cc(73)] ReadMemory at 0x7ffd58240000 of 64 bytes failed: Only part of a ReadProcessMemory or WriteProcessMemory request was completed. (0x12B)
[0903/135137.117:WARNING:pe_image_reader.cc(340)] could not read dos header from C:\Windows\System32\combase.dll
[0903/135137.117:ERROR:process_memory_win.cc(73)] ReadMemory at 0x7ffd57ee0000 of 64 bytes failed: Only part of a ReadProcessMemory or WriteProcessMemory request was completed. (0x12B)
[0903/135137.117:WARNING:pe_image_reader.cc(340)] could not read dos header from C:\Windows\System32\WINTRUST.dll
[0903/135137.117:ERROR:process_memory_win.cc(73)] ReadMemory at 0x7ffd56d90000 of 64 bytes failed: Only part of a ReadProcessMemory or WriteProcessMemory request was completed. (0x12B)
[0903/135137.117:WARNING:pe_image_reader.cc(340)] could not read dos header from C:\Windows\System32\MSASN1.dll
[0903/135137.117:ERROR:process_memory_win.cc(73)] ReadMemory at 0x7ffd571d0000 of 64 bytes failed: Only part of a ReadProcessMemory or WriteProcessMemory request was completed. (0x12B)
[0903/135137.118:WARNING:pe_image_reader.cc(340)] could not read dos header from C:\Windows\System32\CRYPT32.dll
[0903/135137.118:ERROR:process_memory_win.cc(73)] ReadMemory at 0x7ffd56300000 of 64 bytes failed: Only part of a ReadProcessMemory or WriteProcessMemory request was completed. (0x12B)
[0903/135137.118:WARNING:pe_image_reader.cc(340)] could not read dos header from C:\Windows\SYSTEM32\IPHLPAPI.DLL
[0903/135137.118:ERROR:process_memory_win.cc(73)] ReadMemory at 0x7ffd54dd0000 of 64 bytes failed: Only part of a ReadProcessMemory or WriteProcessMemory request was completed. (0x12B)
[0903/135137.118:WARNING:pe_image_reader.cc(340)] could not read dos header from C:\Windows\SYSTEM32\WINMM.dll
[0903/135137.119:ERROR:process_memory_win.cc(73)] ReadMemory at 0x7ffd4c920000 of 64 bytes failed: Only part of a ReadProcessMemory or WriteProcessMemory request was completed. (0x12B)
[0903/135137.119:WARNING:pe_image_reader.cc(340)] could not read dos header from C:\Windows\SYSTEM32\Secur32.dll
[0903/135137.119:ERROR:process_memory_win.cc(73)] ReadMemory at 0x7ffd56c40000 of 64 bytes failed: Only part of a ReadProcessMemory or WriteProcessMemory request was completed. (0x12B)
[0903/135137.119:WARNING:pe_image_reader.cc(340)] could not read dos header from C:\Windows\SYSTEM32\USERENV.dll
[0903/135137.119:ERROR:process_memory_win.cc(73)] ReadMemory at 0x7ffd56db0000 of 64 bytes failed: Only part of a ReadProcessMemory or WriteProcessMemory request was completed. (0x12B)
[0903/135137.119:WARNING:pe_image_reader.cc(340)] could not read dos header from C:\Windows\System32\profapi.dll
[0903/135137.119:ERROR:process_memory_win.cc(73)] ReadMemory at 0x7ffd28d20000 of 64 bytes failed: Only part of a ReadProcessMemory or WriteProcessMemory request was completed. (0x12B)
[0903/135137.120:WARNING:pe_image_reader.cc(340)] could not read dos header from C:\Windows\SYSTEM32\UIAutomationCore.DLL
[0903/135137.120:ERROR:process_memory_win.cc(73)] ReadMemory at 0x7ffd47060000 of 64 bytes failed: Only part of a ReadProcessMemory or WriteProcessMemory request was completed. (0x12B)
[0903/135137.120:WARNING:pe_image_reader.cc(340)] could not read dos header from C:\Windows\SYSTEM32\DWrite.dll
[0903/135137.120:ERROR:process_memory_win.cc(73)] ReadMemory at 0x7ffd4bae0000 of 64 bytes failed: Only part of a ReadProcessMemory or WriteProcessMemory request was completed. (0x12B)
[0903/135137.120:WARNING:pe_image_reader.cc(340)] could not read dos header from C:\Windows\SYSTEM32\WINSPOOL.DRV
[0903/135137.121:ERROR:process_memory_win.cc(73)] ReadMemory at 0x7ffd56d10000 of 64 bytes failed: Only part of a ReadProcessMemory or WriteProcessMemory request was completed. (0x12B)
[0903/135137.121:WARNING:pe_image_reader.cc(340)] could not read dos header from C:\Windows\System32\kernel.appcore.dll
[0903/135137.121:ERROR:process_memory_win.cc(73)] ReadMemory at 0x7ffd56de0000 of 64 bytes failed: Only part of a ReadProcessMemory or WriteProcessMemory request was completed. (0x12B)
[0903/135137.121:WARNING:pe_image_reader.cc(340)] could not read dos header from C:\Windows\System32\bcrypt.dll
[0903/135137.121:ERROR:process_memory_win.cc(73)] ReadMemory at 0x7ffd4db80000 of 64 bytes failed: Only part of a ReadProcessMemory or WriteProcessMemory request was completed. (0x12B)
[0903/135137.121:WARNING:pe_image_reader.cc(340)] could not read dos header from C:\Windows\SYSTEM32\dbghelp.dll
[0903/135137.122:ERROR:process_memory_win.cc(73)] ReadMemory at 0x7ffd48750000 of 64 bytes failed: Only part of a ReadProcessMemory or WriteProcessMemory request was completed. (0x12B)
[0903/135137.122:WARNING:pe_image_reader.cc(340)] could not read dos header from C:\Windows\SYSTEM32\WINHTTP.dll
[0903/135137.122:ERROR:process_memory_win.cc(73)] ReadMemory at 0x7ffd4bfe0000 of 64 bytes failed: Only part of a ReadProcessMemory or WriteProcessMemory request was completed. (0x12B)
[0903/135137.122:WARNING:pe_image_reader.cc(340)] could not read dos header from C:\Windows\SYSTEM32\dhcpcsvc.DLL
[0903/135137.122:ERROR:process_memory_win.cc(73)] ReadMemory at 0x7ffd59f30000 of 64 bytes failed: Only part of a ReadProcessMemory or WriteProcessMemory request was completed. (0x12B)
[0903/135137.123:WARNING:pe_image_reader.cc(340)] could not read dos header from C:\Windows\System32\NSI.dll
[0903/135137.123:ERROR:process_memory_win.cc(73)] ReadMemory at 0x7ffd54da0000 of 64 bytes failed: Only part of a ReadProcessMemory or WriteProcessMemory request was completed. (0x12B)
[0903/135137.123:WARNING:pe_image_reader.cc(340)] could not read dos header from C:\Windows\SYSTEM32\WINMMBASE.dll
[0903/135137.123:ERROR:process_memory_win.cc(73)] ReadMemory at 0x7ffd57180000 of 64 bytes failed: Only part of a ReadProcessMemory or WriteProcessMemory request was completed. (0x12B)
[0903/135137.124:WARNING:pe_image_reader.cc(340)] could not read dos header from C:\Windows\System32\cfgmgr32.dll
[0903/135137.124:ERROR:process_memory_win.cc(73)] ReadMemory at 0x7ffd4abf0000 of 64 bytes failed: Only part of a ReadProcessMemory or WriteProcessMemory request was completed. (0x12B)
[0903/135137.124:WARNING:pe_image_reader.cc(340)] could not read dos header from C:\Windows\SYSTEM32\Bcp47Langs.dll
[0903/135137.124:ERROR:process_memory_win.cc(73)] ReadMemory at 0x7ffd54a00000 of 64 bytes failed: Only part of a ReadProcessMemory or WriteProcessMemory request was completed. (0x12B)
[0903/135137.124:WARNING:pe_image_reader.cc(340)] could not read dos header from C:\Windows\SYSTEM32\PROPSYS.dll
[0903/135137.125:ERROR:process_memory_win.cc(73)] ReadMemory at 0x7ffd5a260000 of 64 bytes failed: Only part of a ReadProcessMemory or WriteProcessMemory request was completed. (0x12B)
[0903/135137.125:WARNING:pe_image_reader.cc(340)] could not read dos header from C:\Windows\System32\shcore.dll
[0903/135137.125:ERROR:process_memory_win.cc(73)] ReadMemory at 0x7ffd56c10000 of 64 bytes failed: Only part of a ReadProcessMemory or WriteProcessMemory request was completed. (0x12B)
[0903/135137.125:WARNING:pe_image_reader.cc(340)] could not read dos header from C:\Windows\SYSTEM32\SSPICLI.DLL
[0903/135137.125:ERROR:process_memory_win.cc(73)] ReadMemory at 0x7ffd56770000 of 64 bytes failed: Only part of a ReadProcessMemory or WriteProcessMemory request was completed. (0x12B)
[0903/135137.125:WARNING:pe_image_reader.cc(340)] could not read dos header from C:\Windows\SYSTEM32\CRYPTBASE.DLL
[0903/135137.715:ERROR:process_memory_win.cc(73)] ReadMemory at 0x7ff709620000 of 64 bytes failed: Only part of a ReadProcessMemory or WriteProcessMemory request was completed. (0x12B)
[0903/135137.715:WARNING:pe_image_reader.cc(340)] could not read dos header from C:\Program Files (x86)\Google\Chrome\Application\chrome.exe
[0903/135137.715:ERROR:process_memory_win.cc(73)] ReadMemory at 0x7ffd5ad10000 of 64 bytes failed: Only part of a ReadProcessMemory or WriteProcessMemory request was completed. (0x12B)
[0903/135137.715:WARNING:pe_image_reader.cc(340)] could not read dos header from C:\Windows\SYSTEM32\ntdll.dll
[0903/135137.715:ERROR:process_memory_win.cc(73)] ReadMemory at 0x7ffd5a560000 of 64 bytes failed: Only part of a ReadProcessMemory or WriteProcessMemory request was completed. (0x12B)
[0903/135137.715:WARNING:pe_image_reader.cc(340)] could not read dos header from C:\Windows\System32\KERNEL32.DLL
[0903/135137.715:ERROR:process_memory_win.cc(73)] ReadMemory at 0x7ffd56ee0000 of 64 bytes failed: Only part of a ReadProcessMemory or WriteProcessMemory request was completed. (0x12B)
[0903/135137.715:WARNING:pe_image_reader.cc(340)] could not read dos header from C:\Windows\System32\KERNELBASE.dll
[0903/135137.716:ERROR:process_memory_win.cc(73)] ReadMemory at 0x7ffd21de0000 of 64 bytes failed: Only part of a ReadProcessMemory or WriteProcessMemory request was completed. (0x12B)
[0903/135137.716:WARNING:pe_image_reader.cc(340)] could not read dos header from C:\Program Files (x86)\Google\Chrome\Application\84.0.4147.135\chrome_elf.dll
[0903/135137.716:ERROR:process_memory_win.cc(73)] ReadMemory at 0x7ffd50280000 of 64 bytes failed: Only part of a ReadProcessMemory or WriteProcessMemory request was completed. (0x12B)
[0903/135137.716:WARNING:pe_image_reader.cc(340)] could not read dos header from C:\Windows\SYSTEM32\VERSION.dll
[0903/135137.716:ERROR:process_memory_win.cc(73)] ReadMemory at 0x7ffd5a310000 of 64 bytes failed: Only part of a ReadProcessMemory or WriteProcessMemory request was completed. (0x12B)
[0903/135137.716:WARNING:pe_image_reader.cc(340)] could not read dos header from C:\Windows\System32\msvcrt.dll
[0903/135137.716:ERROR:process_memory_win.cc(73)] ReadMemory at 0x7ffd57450000 of 64 bytes failed: Only part of a ReadProcessMemory or WriteProcessMemory request was completed. (0x12B)
[0903/135137.716:WARNING:pe_image_reader.cc(340)] could not read dos header from C:\Windows\System32\bcryptPrimitives.dll
[0903/135137.716:ERROR:process_memory_win.cc(73)] ReadMemory at 0x7ffd586a0000 of 64 bytes failed: Only part of a ReadProcessMemory or WriteProcessMemory request was completed. (0x12B)
[0903/135137.716:WARNING:pe_image_reader.cc(340)] could not read dos header from C:\Windows\System32\ADVAPI32.dll
[0903/135137.716:ERROR:process_memory_win.cc(73)] ReadMemory at 0x7ffd5a1c0000 of 64 bytes failed: Only part of a ReadProcessMemory or WriteProcessMemory request was completed. (0x12B)
[0903/135137.716:WARNING:pe_image_reader.cc(340)] could not read dos header from C:\Windows\System32\sechost.dll
[0903/135137.717:ERROR:process_memory_win.cc(73)] ReadMemory at 0x7ffd58570000 of 64 bytes failed: Only part of a ReadProcessMemory or WriteProcessMemory request was completed. (0x12B)
[0903/135137.717:WARNING:pe_image_reader.cc(340)] could not read dos header from C:\Windows\System32\RPCRT4.dll
[0903/135137.717:ERROR:process_memory_win.cc(73)] ReadMemory at 0x7ffceb630000 of 64 bytes failed: Only part of a ReadProcessMemory or WriteProcessMemory request was completed. (0x12B)
[0903/135137.717:WARNING:pe_image_reader.cc(340)] could not read dos header from C:\Program Files (x86)\Google\Chrome\Application\84.0.4147.135\chrome.dll
[0903/135137.717:ERROR:process_memory_win.cc(73)] ReadMemory at 0x7ffd58920000 of 64 bytes failed: Only part of a ReadProcessMemory or WriteProcessMemory request was completed. (0x12B)
[0903/135137.717:WARNING:pe_image_reader.cc(340)] could not read dos header from C:\Windows\System32\WS2_32.dll
[0903/135137.717:ERROR:process_memory_win.cc(73)] ReadMemory at 0x7ffd5a0f0000 of 64 bytes failed: Only part of a ReadProcessMemory or WriteProcessMemory request was completed. (0x12B)
[0903/135137.717:WARNING:pe_image_reader.cc(340)] could not read dos header from C:\Windows\System32\OLEAUT32.dll
[0903/135137.717:ERROR:process_memory_win.cc(73)] ReadMemory at 0x7ffd573b0000 of 64 bytes failed: Only part of a ReadProcessMemory or WriteProcessMemory request was completed. (0x12B)
[0903/135137.717:WARNING:pe_image_reader.cc(340)] could not read dos header from C:\Windows\System32\msvcp_win.dll
[0903/135137.718:ERROR:process_memory_win.cc(73)] ReadMemory at 0x7ffd574f0000 of 64 bytes failed: Only part of a ReadProcessMemory or WriteProcessMemory request was completed. (0x12B)
[0903/135137.718:WARNING:pe_image_reader.cc(340)] could not read dos header from C:\Windows\System32\ucrtbase.dll
[0903/135137.718:ERROR:process_memory_win.cc(73)] ReadMemory at 0x7ffd58240000 of 64 bytes failed: Only part of a ReadProcessMemory or WriteProcessMemory request was completed. (0x12B)
[0903/135137.718:WARNING:pe_image_reader.cc(340)] could not read dos header from C:\Windows\System32\combase.dll
[0903/135137.718:ERROR:process_memory_win.cc(73)] ReadMemory at 0x7ffd57ee0000 of 64 bytes failed: Only part of a ReadProcessMemory or WriteProcessMemory request was completed. (0x12B)
[0903/135137.718:WARNING:pe_image_reader.cc(340)] could not read dos header from C:\Windows\System32\WINTRUST.dll
[0903/135137.718:ERROR:process_memory_win.cc(73)] ReadMemory at 0x7ffd56d90000 of 64 bytes failed: Only part of a ReadProcessMemory or WriteProcessMemory request was completed. (0x12B)
[0903/135137.718:WARNING:pe_image_reader.cc(340)] could not read dos header from C:\Windows\System32\MSASN1.dll
[0903/135137.718:ERROR:process_memory_win.cc(73)] ReadMemory at 0x7ffd571d0000 of 64 bytes failed: Only part of a ReadProcessMemory or WriteProcessMemory request was completed. (0x12B)
[0903/135137.718:WARNING:pe_image_reader.cc(340)] could not read dos header from C:\Windows\System32\CRYPT32.dll
[0903/135137.718:ERROR:process_memory_win.cc(73)] ReadMemory at 0x7ffd56300000 of 64 bytes failed: Only part of a ReadProcessMemory or WriteProcessMemory request was completed. (0x12B)
[0903/135137.718:WARNING:pe_image_reader.cc(340)] could not read dos header from C:\Windows\SYSTEM32\IPHLPAPI.DLL
[0903/135137.718:ERROR:process_memory_win.cc(73)] ReadMemory at 0x7ffd54dd0000 of 64 bytes failed: Only part of a ReadProcessMemory or WriteProcessMemory request was completed. (0x12B)
[0903/135137.718:WARNING:pe_image_reader.cc(340)] could not read dos header from C:\Windows\SYSTEM32\WINMM.dll
[0903/135137.719:ERROR:process_memory_win.cc(73)] ReadMemory at 0x7ffd4c920000 of 64 bytes failed: Only part of a ReadProcessMemory or WriteProcessMemory request was completed. (0x12B)
[0903/135137.719:WARNING:pe_image_reader.cc(340)] could not read dos header from C:\Windows\SYSTEM32\Secur32.dll
[0903/135137.719:ERROR:process_memory_win.cc(73)] ReadMemory at 0x7ffd56c40000 of 64 bytes failed: Only part of a ReadProcessMemory or WriteProcessMemory request was completed. (0x12B)
[0903/135137.719:WARNING:pe_image_reader.cc(340)] could not read dos header from C:\Windows\SYSTEM32\USERENV.dll
[0903/135137.719:ERROR:process_memory_win.cc(73)] ReadMemory at 0x7ffd56db0000 of 64 bytes failed: Only part of a ReadProcessMemory or WriteProcessMemory request was completed. (0x12B)
[0903/135137.719:WARNING:pe_image_reader.cc(340)] could not read dos header from C:\Windows\System32\profapi.dll
[0903/135137.719:ERROR:process_memory_win.cc(73)] ReadMemory at 0x7ffd28d20000 of 64 bytes failed: Only part of a ReadProcessMemory or WriteProcessMemory request was completed. (0x12B)
[0903/135137.719:WARNING:pe_image_reader.cc(340)] could not read dos header from C:\Windows\SYSTEM32\UIAutomationCore.DLL
[0903/135137.719:ERROR:process_memory_win.cc(73)] ReadMemory at 0x7ffd47060000 of 64 bytes failed: Only part of a ReadProcessMemory or WriteProcessMemory request was completed. (0x12B)
[0903/135137.719:WARNING:pe_image_reader.cc(340)] could not read dos header from C:\Windows\SYSTEM32\DWrite.dll
[0903/135137.719:ERROR:process_memory_win.cc(73)] ReadMemory at 0x7ffd4bae0000 of 64 bytes failed: Only part of a ReadProcessMemory or WriteProcessMemory request was completed. (0x12B)
[0903/135137.719:WARNING:pe_image_reader.cc(340)] could not read dos header from C:\Windows\SYSTEM32\WINSPOOL.DRV
[0903/135137.720:ERROR:process_memory_win.cc(73)] ReadMemory at 0x7ffd56d10000 of 64 bytes failed: Only part of a ReadProcessMemory or WriteProcessMemory request was completed. (0x12B)
[0903/135137.720:WARNING:pe_image_reader.cc(340)] could not read dos header from C:\Windows\System32\kernel.appcore.dll
[0903/135137.720:ERROR:process_memory_win.cc(73)] ReadMemory at 0x7ffd56de0000 of 64 bytes failed: Only part of a ReadProcessMemory or WriteProcessMemory request was completed. (0x12B)
[0903/135137.720:WARNING:pe_image_reader.cc(340)] could not read dos header from C:\Windows\System32\bcrypt.dll
[0903/135137.720:ERROR:process_memory_win.cc(73)] ReadMemory at 0x7ffd4db80000 of 64 bytes failed: Only part of a ReadProcessMemory or WriteProcessMemory request was completed. (0x12B)
[0903/135137.720:WARNING:pe_image_reader.cc(340)] could not read dos header from C:\Windows\SYSTEM32\dbghelp.dll
[0903/135137.720:ERROR:process_memory_win.cc(73)] ReadMemory at 0x7ffd48750000 of 64 bytes failed: Only part of a ReadProcessMemory or WriteProcessMemory request was completed. (0x12B)
[0903/135137.720:WARNING:pe_image_reader.cc(340)] could not read dos header from C:\Windows\SYSTEM32\WINHTTP.dll
[0903/135137.720:ERROR:process_memory_win.cc(73)] ReadMemory at 0x7ffd4bfe0000 of 64 bytes failed: Only part of a ReadProcessMemory or WriteProcessMemory request was completed. (0x12B)
[0903/135137.720:WARNING:pe_image_reader.cc(340)] could not read dos header from C:\Windows\SYSTEM32\dhcpcsvc.DLL
[0903/135137.720:ERROR:process_memory_win.cc(73)] ReadMemory at 0x7ffd59f30000 of 64 bytes failed: Only part of a ReadProcessMemory or WriteProcessMemory request was completed. (0x12B)
[0903/135137.720:WARNING:pe_image_reader.cc(340)] could not read dos header from C:\Windows\System32\NSI.dll
[0903/135137.720:ERROR:process_memory_win.cc(73)] ReadMemory at 0x7ffd54da0000 of 64 bytes failed: Only part of a ReadProcessMemory or WriteProcessMemory request was completed. (0x12B)
[0903/135137.720:WARNING:pe_image_reader.cc(340)] could not read dos header from C:\Windows\SYSTEM32\WINMMBASE.dll
[0903/135137.721:ERROR:process_memory_win.cc(73)] ReadMemory at 0x7ffd57180000 of 64 bytes failed: Only part of a ReadProcessMemory or WriteProcessMemory request was completed. (0x12B)
[0903/135137.721:WARNING:pe_image_reader.cc(340)] could not read dos header from C:\Windows\System32\cfgmgr32.dll
[0903/135137.721:ERROR:process_memory_win.cc(73)] ReadMemory at 0x7ffd4abf0000 of 64 bytes failed: Only part of a ReadProcessMemory or WriteProcessMemory request was completed. (0x12B)
[0903/135137.721:WARNING:pe_image_reader.cc(340)] could not read dos header from C:\Windows\SYSTEM32\Bcp47Langs.dll
[0903/135137.721:ERROR:process_memory_win.cc(73)] ReadMemory at 0x7ffd54a00000 of 64 bytes failed: Only part of a ReadProcessMemory or WriteProcessMemory request was completed. (0x12B)
[0903/135137.721:WARNING:pe_image_reader.cc(340)] could not read dos header from C:\Windows\SYSTEM32\PROPSYS.dll
[0903/135137.721:ERROR:process_memory_win.cc(73)] ReadMemory at 0x7ffd5a260000 of 64 bytes failed: Only part of a ReadProcessMemory or WriteProcessMemory request was completed. (0x12B)
[0903/135137.721:WARNING:pe_image_reader.cc(340)] could not read dos header from C:\Windows\System32\shcore.dll
[0903/135137.721:ERROR:process_memory_win.cc(73)] ReadMemory at 0x7ffd56c10000 of 64 bytes failed: Only part of a ReadProcessMemory or WriteProcessMemory request was completed. (0x12B)
[0903/135137.721:WARNING:pe_image_reader.cc(340)] could not read dos header from C:\Windows\SYSTEM32\SSPICLI.DLL
[0903/135137.721:ERROR:process_memory_win.cc(73)] ReadMemory at 0x7ffd56770000 of 64 bytes failed: Only part of a ReadProcessMemory or WriteProcessMemory request was completed. (0x12B)
[0903/135137.721:WARNING:pe_image_reader.cc(340)] could not read dos header from C:\Windows\SYSTEM32\CRYPTBASE.DLL
[0903/135137.721:ERROR:process_memory_win.cc(73)] ReadMemory at 0x7ff709620000 of 64 bytes failed: Only part of a ReadProcessMemory or WriteProcessMemory request was completed. (0x12B)
[0903/135137.722:WARNING:pe_image_reader.cc(340)] could not read dos header from C:\Program Files (x86)\Google\Chrome\Application\chrome.exe
[0903/135137.722:ERROR:process_memory_win.cc(73)] ReadMemory at 0x7ffd5ad10000 of 64 bytes failed: Only part of a ReadProcessMemory or WriteProcessMemory request was completed. (0x12B)
[0903/135137.722:WARNING:pe_image_reader.cc(340)] could not read dos header from C:\Windows\SYSTEM32\ntdll.dll
[0903/135137.722:ERROR:process_memory_win.cc(73)] ReadMemory at 0x7ffd5a560000 of 64 bytes failed: Only part of a ReadProcessMemory or WriteProcessMemory request was completed. (0x12B)
[0903/135137.722:WARNING:pe_image_reader.cc(340)] could not read dos header from C:\Windows\System32\KERNEL32.DLL
[0903/135137.722:ERROR:process_memory_win.cc(73)] ReadMemory at 0x7ffd56ee0000 of 64 bytes failed: Only part of a ReadProcessMemory or WriteProcessMemory request was completed. (0x12B)
[0903/135137.722:WARNING:pe_image_reader.cc(340)] could not read dos header from C:\Windows\System32\KERNELBASE.dll
[0903/135137.722:ERROR:process_memory_win.cc(73)] ReadMemory at 0x7ffd21de0000 of 64 bytes failed: Only part of a ReadProcessMemory or WriteProcessMemory request was completed. (0x12B)
[0903/135137.722:WARNING:pe_image_reader.cc(340)] could not read dos header from C:\Program Files (x86)\Google\Chrome\Application\84.0.4147.135\chrome_elf.dll
[0903/135137.722:ERROR:process_memory_win.cc(73)] ReadMemory at 0x7ffd50280000 of 64 bytes failed: Only part of a ReadProcessMemory or WriteProcessMemory request was completed. (0x12B)
[0903/135137.722:WARNING:pe_image_reader.cc(340)] could not read dos header from C:\Windows\SYSTEM32\VERSION.dll
[0903/135137.722:ERROR:process_memory_win.cc(73)] ReadMemory at 0x7ffd5a310000 of 64 bytes failed: Only part of a ReadProcessMemory or WriteProcessMemory request was completed. (0x12B)
[0903/135137.722:WARNING:pe_image_reader.cc(340)] could not read dos header from C:\Windows\System32\msvcrt.dll
[0903/135137.723:ERROR:process_memory_win.cc(73)] ReadMemory at 0x7ffd57450000 of 64 bytes failed: Only part of a ReadProcessMemory or WriteProcessMemory request was completed. (0x12B)
[0903/135137.723:WARNING:pe_image_reader.cc(340)] could not read dos header from C:\Windows\System32\bcryptPrimitives.dll
[0903/135137.723:ERROR:process_memory_win.cc(73)] ReadMemory at 0x7ffd586a0000 of 64 bytes failed: Only part of a ReadProcessMemory or WriteProcessMemory request was completed. (0x12B)
[0903/135137.723:WARNING:pe_image_reader.cc(340)] could not read dos header from C:\Windows\System32\ADVAPI32.dll
[0903/135137.723:ERROR:process_memory_win.cc(73)] ReadMemory at 0x7ffd5a1c0000 of 64 bytes failed: Only part of a ReadProcessMemory or WriteProcessMemory request was completed. (0x12B)
[0903/135137.723:WARNING:pe_image_reader.cc(340)] could not read dos header from C:\Windows\System32\sechost.dll
[0903/135137.723:ERROR:process_memory_win.cc(73)] ReadMemory at 0x7ffd58570000 of 64 bytes failed: Only part of a ReadProcessMemory or WriteProcessMemory request was completed. (0x12B)
[0903/135137.723:WARNING:pe_image_reader.cc(340)] could not read dos header from C:\Windows\System32\RPCRT4.dll
[0903/135137.723:ERROR:process_memory_win.cc(73)] ReadMemory at 0x7ffceb630000 of 64 bytes failed: Only part of a ReadProcessMemory or WriteProcessMemory request was completed. (0x12B)
[0903/135137.723:WARNING:pe_image_reader.cc(340)] could not read dos header from C:\Program Files (x86)\Google\Chrome\Application\84.0.4147.135\chrome.dll
[0903/135137.723:ERROR:process_memory_win.cc(73)] ReadMemory at 0x7ffd58920000 of 64 bytes failed: Only part of a ReadProcessMemory or WriteProcessMemory request was completed. (0x12B)
[0903/135137.723:WARNING:pe_image_reader.cc(340)] could not read dos header from C:\Windows\System32\WS2_32.dll
[0903/135137.724:ERROR:process_memory_win.cc(73)] ReadMemory at 0x7ffd5a0f0000 of 64 bytes failed: Only part of a ReadProcessMemory or WriteProcessMemory request was completed. (0x12B)
[0903/135137.724:WARNING:pe_image_reader.cc(340)] could not read dos header from C:\Windows\System32\OLEAUT32.dll
[0903/135137.724:ERROR:process_memory_win.cc(73)] ReadMemory at 0x7ffd573b0000 of 64 bytes failed: Only part of a ReadProcessMemory or WriteProcessMemory request was completed. (0x12B)
[0903/135137.724:WARNING:pe_image_reader.cc(340)] could not read dos header from C:\Windows\System32\msvcp_win.dll
[0903/135137.724:ERROR:process_memory_win.cc(73)] ReadMemory at 0x7ffd574f0000 of 64 bytes failed: Only part of a ReadProcessMemory or WriteProcessMemory request was completed. (0x12B)
[0903/135137.724:WARNING:pe_image_reader.cc(340)] could not read dos header from C:\Windows\System32\ucrtbase.dll
[0903/135137.724:ERROR:process_memory_win.cc(73)] ReadMemory at 0x7ffd58240000 of 64 bytes failed: Only part of a ReadProcessMemory or WriteProcessMemory request was completed. (0x12B)
[0903/135137.724:WARNING:pe_image_reader.cc(340)] could not read dos header from C:\Windows\System32\combase.dll
[0903/135137.724:ERROR:process_memory_win.cc(73)] ReadMemory at 0x7ffd57ee0000 of 64 bytes failed: Only part of a ReadProcessMemory or WriteProcessMemory request was completed. (0x12B)
[0903/135137.724:WARNING:pe_image_reader.cc(340)] could not read dos header from C:\Windows\System32\WINTRUST.dll
[0903/135137.724:ERROR:process_memory_win.cc(73)] ReadMemory at 0x7ffd56d90000 of 64 bytes failed: Only part of a ReadProcessMemory or WriteProcessMemory request was completed. (0x12B)
[0903/135137.724:WARNING:pe_image_reader.cc(340)] could not read dos header from C:\Windows\System32\MSASN1.dll
[0903/135137.725:ERROR:process_memory_win.cc(73)] ReadMemory at 0x7ffd571d0000 of 64 bytes failed: Only part of a ReadProcessMemory or WriteProcessMemory request was completed. (0x12B)
[0903/135137.725:WARNING:pe_image_reader.cc(340)] could not read dos header from C:\Windows\System32\CRYPT32.dll
[0903/135137.725:ERROR:process_memory_win.cc(73)] ReadMemory at 0x7ffd56300000 of 64 bytes failed: Only part of a ReadProcessMemory or WriteProcessMemory request was completed. (0x12B)
[0903/135137.725:WARNING:pe_image_reader.cc(340)] could not read dos header from C:\Windows\SYSTEM32\IPHLPAPI.DLL
[0903/135137.725:ERROR:process_memory_win.cc(73)] ReadMemory at 0x7ffd54dd0000 of 64 bytes failed: Only part of a ReadProcessMemory or WriteProcessMemory request was completed. (0x12B)
[0903/135137.725:WARNING:pe_image_reader.cc(340)] could not read dos header from C:\Windows\SYSTEM32\WINMM.dll
[0903/135137.725:ERROR:process_memory_win.cc(73)] ReadMemory at 0x7ffd4c920000 of 64 bytes failed: Only part of a ReadProcessMemory or WriteProcessMemory request was completed. (0x12B)
[0903/135137.725:WARNING:pe_image_reader.cc(340)] could not read dos header from C:\Windows\SYSTEM32\Secur32.dll
[0903/135137.725:ERROR:process_memory_win.cc(73)] ReadMemory at 0x7ffd56c40000 of 64 bytes failed: Only part of a ReadProcessMemory or WriteProcessMemory request was completed. (0x12B)
[0903/135137.725:WARNING:pe_image_reader.cc(340)] could not read dos header from C:\Windows\SYSTEM32\USERENV.dll
[0903/135137.725:ERROR:process_memory_win.cc(73)] ReadMemory at 0x7ffd56db0000 of 64 bytes failed: Only part of a ReadProcessMemory or WriteProcessMemory request was completed. (0x12B)
[0903/135137.725:WARNING:pe_image_reader.cc(340)] could not read dos header from C:\Windows\System32\profapi.dll
[0903/135137.725:ERROR:process_memory_win.cc(73)] ReadMemory at 0x7ffd28d20000 of 64 bytes failed: Only part of a ReadProcessMemory or WriteProcessMemory request was completed. (0x12B)
[0903/135137.725:WARNING:pe_image_reader.cc(340)] could not read dos header from C:\Windows\SYSTEM32\UIAutomationCore.DLL
[0903/135137.726:ERROR:process_memory_win.cc(73)] ReadMemory at 0x7ffd47060000 of 64 bytes failed: Only part of a ReadProcessMemory or WriteProcessMemory request was completed. (0x12B)
[0903/135137.726:WARNING:pe_image_reader.cc(340)] could not read dos header from C:\Windows\SYSTEM32\DWrite.dll
[0903/135137.726:ERROR:process_memory_win.cc(73)] ReadMemory at 0x7ffd4bae0000 of 64 bytes failed: Only part of a ReadProcessMemory or WriteProcessMemory request was completed. (0x12B)
[0903/135137.726:WARNING:pe_image_reader.cc(340)] could not read dos header from C:\Windows\SYSTEM32\WINSPOOL.DRV
[0903/135137.726:ERROR:process_memory_win.cc(73)] ReadMemory at 0x7ffd56d10000 of 64 bytes failed: Only part of a ReadProcessMemory or WriteProcessMemory request was completed. (0x12B)
[0903/135137.726:WARNING:pe_image_reader.cc(340)] could not read dos header from C:\Windows\System32\kernel.appcore.dll
[0903/135137.726:ERROR:process_memory_win.cc(73)] ReadMemory at 0x7ffd56de0000 of 64 bytes failed: Only part of a ReadProcessMemory or WriteProcessMemory request was completed. (0x12B)
[0903/135137.726:WARNING:pe_image_reader.cc(340)] could not read dos header from C:\Windows\System32\bcrypt.dll
[0903/135137.726:ERROR:process_memory_win.cc(73)] ReadMemory at 0x7ffd4db80000 of 64 bytes failed: Only part of a ReadProcessMemory or WriteProcessMemory request was completed. (0x12B)
[0903/135137.726:WARNING:pe_image_reader.cc(340)] could not read dos header from C:\Windows\SYSTEM32\dbghelp.dll
[0903/135137.726:ERROR:process_memory_win.cc(73)] ReadMemory at 0x7ffd48750000 of 64 bytes failed: Only part of a ReadProcessMemory or WriteProcessMemory request was completed. (0x12B)
[0903/135137.726:WARNING:pe_image_reader.cc(340)] could not read dos header from C:\Windows\SYSTEM32\WINHTTP.dll
[0903/135137.727:ERROR:process_memory_win.cc(73)] ReadMemory at 0x7ffd4bfe0000 of 64 bytes failed: Only part of a ReadProcessMemory or WriteProcessMemory request was completed. (0x12B)
[0903/135137.727:WARNING:pe_image_reader.cc(340)] could not read dos header from C:\Windows\SYSTEM32\dhcpcsvc.DLL
[0903/135137.727:ERROR:process_memory_win.cc(73)] ReadMemory at 0x7ffd59f30000 of 64 bytes failed: Only part of a ReadProcessMemory or WriteProcessMemory request was completed. (0x12B)
[0903/135137.727:WARNING:pe_image_reader.cc(340)] could not read dos header from C:\Windows\System32\NSI.dll
[0903/135137.727:ERROR:process_memory_win.cc(73)] ReadMemory at 0x7ffd54da0000 of 64 bytes failed: Only part of a ReadProcessMemory or WriteProcessMemory request was completed. (0x12B)
[0903/135137.727:WARNING:pe_image_reader.cc(340)] could not read dos header from C:\Windows\SYSTEM32\WINMMBASE.dll
[0903/135137.727:ERROR:process_memory_win.cc(73)] ReadMemory at 0x7ffd57180000 of 64 bytes failed: Only part of a ReadProcessMemory or WriteProcessMemory request was completed. (0x12B)
[0903/135137.727:WARNING:pe_image_reader.cc(340)] could not read dos header from C:\Windows\System32\cfgmgr32.dll
[0903/135137.727:ERROR:process_memory_win.cc(73)] ReadMemory at 0x7ffd4abf0000 of 64 bytes failed: Only part of a ReadProcessMemory or WriteProcessMemory request was completed. (0x12B)
[0903/135137.727:WARNING:pe_image_reader.cc(340)] could not read dos header from C:\Windows\SYSTEM32\Bcp47Langs.dll
[0903/135137.727:ERROR:process_memory_win.cc(73)] ReadMemory at 0x7ffd54a00000 of 64 bytes failed: Only part of a ReadProcessMemory or WriteProcessMemory request was completed. (0x12B)
[0903/135137.728:WARNING:pe_image_reader.cc(340)] could not read dos header from C:\Windows\SYSTEM32\PROPSYS.dll
[0903/135137.728:ERROR:process_memory_win.cc(73)] ReadMemory at 0x7ffd5a260000 of 64 bytes failed: Only part of a ReadProcessMemory or WriteProcessMemory request was completed. (0x12B)
[0903/135137.728:WARNING:pe_image_reader.cc(340)] could not read dos header from C:\Windows\System32\shcore.dll
[0903/135137.728:ERROR:process_memory_win.cc(73)] ReadMemory at 0x7ffd56c10000 of 64 bytes failed: Only part of a ReadProcessMemory or WriteProcessMemory request was completed. (0x12B)
[0903/135137.728:WARNING:pe_image_reader.cc(340)] could not read dos header from C:\Windows\SYSTEM32\SSPICLI.DLL
[0903/135137.728:ERROR:process_memory_win.cc(73)] ReadMemory at 0x7ffd56770000 of 64 bytes failed: Only part of a ReadProcessMemory or WriteProcessMemory request was completed. (0x12B)
[0903/135137.728:WARNING:pe_image_reader.cc(340)] could not read dos header from C:\Windows\SYSTEM32\CRYPTBASE.DLL
[0903/135137.866:ERROR:process_memory_win.cc(73)] ReadMemory at 0x92bfdfa000 of 24576 bytes failed: Only part of a ReadProcessMemory or WriteProcessMemory request was completed. (0x12B)
[0903/135137.866:ERROR:process_memory_win.cc(73)] ReadMemory at 0x92c05fd000 of 12288 bytes failed: Only part of a ReadProcessMemory or WriteProcessMemory request was completed. (0x12B)
[0903/135137.867:ERROR:process_memory_win.cc(73)] ReadMemory at 0x92c0dfd000 of 12288 bytes failed: Only part of a ReadProcessMemory or WriteProcessMemory request was completed. (0x12B)
[0903/135137.867:ERROR:process_memory_win.cc(73)] ReadMemory at 0x92c15fd000 of 12288 bytes failed: Only part of a ReadProcessMemory or WriteProcessMemory request was completed. (0x12B)
[0903/135137.867:ERROR:process_memory_win.cc(73)] ReadMemory at 0x92c1dfc000 of 16384 bytes failed: Only part of a ReadProcessMemory or WriteProcessMemory request was completed. (0x12B)
[0903/135137.867:ERROR:process_memory_win.cc(73)] ReadMemory at 0x92c25fe000 of 8192 bytes failed: Only part of a ReadProcessMemory or WriteProcessMemory request was completed. (0x12B)
[0903/135137.867:ERROR:process_memory_win.cc(73)] ReadMemory at 0x92c2dfd000 of 12288 bytes failed: Only part of a ReadProcessMemory or WriteProcessMemory request was completed. (0x12B)
[0903/135137.868:ERROR:process_memory_win.cc(73)] ReadMemory at 0x92c35fd000 of 12288 bytes failed: Only part of a ReadProcessMemory or WriteProcessMemory request was completed. (0x12B)
[0903/135137.868:ERROR:process_memory_win.cc(73)] ReadMemory at 0x92c3dfd000 of 12288 bytes failed: Only part of a ReadProcessMemory or WriteProcessMemory request was completed. (0x12B)
[0903/135137.868:ERROR:process_memory_win.cc(73)] ReadMemory at 0x92c45fd000 of 12288 bytes failed: Only part of a ReadProcessMemory or WriteProcessMemory request was completed. (0x12B)
[0903/135137.868:ERROR:process_memory_win.cc(73)] ReadMemory at 0x92c4dfd000 of 12288 bytes failed: Only part of a ReadProcessMemory or WriteProcessMemory request was completed. (0x12B)
[0903/135137.869:ERROR:process_memory_win.cc(73)] ReadMemory at 0x92c55fd000 of 12288 bytes failed: Only part of a ReadProcessMemory or WriteProcessMemory request was completed. (0x12B)
[0903/135137.869:ERROR:process_memory_win.cc(73)] ReadMemory at 0x92c5dfd000 of 12288 bytes failed: Only part of a ReadProcessMemory or WriteProcessMemory request was completed. (0x12B)
[0903/135137.869:ERROR:process_memory_win.cc(73)] ReadMemory at 0x92c65fe000 of 8192 bytes failed: Only part of a ReadProcessMemory or WriteProcessMemory request was completed. (0x12B)
[0903/135137.869:ERROR:process_memory_win.cc(73)] ReadMemory at 0x92bf4fc000 of 852 bytes failed: Only part of a ReadProcessMemory or WriteProcessMemory request was completed. (0x12B)
[0903/135137.869:ERROR:process_memory_win.cc(73)] ReadMemory at 0x92bf4fd000 of 6024 bytes failed: Only part of a ReadProcessMemory or WriteProcessMemory request was completed. (0x12B)
[0903/135137.870:ERROR:process_memory_win.cc(73)] ReadMemory at 0x92bf4ff000 of 6024 bytes failed: Only part of a ReadProcessMemory or WriteProcessMemory request was completed. (0x12B)
[0903/135137.870:ERROR:process_memory_win.cc(73)] ReadMemory at 0x92bf501000 of 6024 bytes failed: Only part of a ReadProcessMemory or WriteProcessMemory request was completed. (0x12B)
[0903/135137.870:ERROR:process_memory_win.cc(73)] ReadMemory at 0x92bf503000 of 6024 bytes failed: Only part of a ReadProcessMemory or WriteProcessMemory request was completed. (0x12B)
[0903/135137.870:ERROR:process_memory_win.cc(73)] ReadMemory at 0x92bf505000 of 6024 bytes failed: Only part of a ReadProcessMemory or WriteProcessMemory request was completed. (0x12B)
[0903/135137.870:ERROR:process_memory_win.cc(73)] ReadMemory at 0x92bf507000 of 6024 bytes failed: Only part of a ReadProcessMemory or WriteProcessMemory request was completed. (0x12B)
[0903/135137.871:ERROR:process_memory_win.cc(73)] ReadMemory at 0x92bf509000 of 6024 bytes failed: Only part of a ReadProcessMemory or WriteProcessMemory request was completed. (0x12B)
[0903/135137.871:ERROR:process_memory_win.cc(73)] ReadMemory at 0x92bf50b000 of 6024 bytes failed: Only part of a ReadProcessMemory or WriteProcessMemory request was completed. (0x12B)
[0903/135137.871:ERROR:process_memory_win.cc(73)] ReadMemory at 0x92bf50d000 of 6024 bytes failed: Only part of a ReadProcessMemory or WriteProcessMemory request was completed. (0x12B)
[0903/135137.872:ERROR:process_memory_win.cc(73)] ReadMemory at 0x92bf50f000 of 6024 bytes failed: Only part of a ReadProcessMemory or WriteProcessMemory request was completed. (0x12B)
[0903/135137.872:ERROR:process_memory_win.cc(73)] ReadMemory at 0x92bf511000 of 6024 bytes failed: Only part of a ReadProcessMemory or WriteProcessMemory request was completed. (0x12B)
[0903/135137.872:ERROR:process_memory_win.cc(73)] ReadMemory at 0x92bf513000 of 6024 bytes failed: Only part of a ReadProcessMemory or WriteProcessMemory request was completed. (0x12B)
[0903/135137.872:ERROR:process_memory_win.cc(73)] ReadMemory at 0x92bf515000 of 6024 bytes failed: Only part of a ReadProcessMemory or WriteProcessMemory request was completed. (0x12B)
[0903/135137.873:ERROR:process_memory_win.cc(73)] ReadMemory at 0x92bf517000 of 6024 bytes failed: Only part of a ReadProcessMemory or WriteProcessMemory request was completed. (0x12B)
[0903/135137.873:ERROR:process_memory_win.cc(73)] ReadMemory at 0x1f43d3f0dc0 of 512 bytes failed: Only part of a ReadProcessMemory or WriteProcessMemory request was completed. (0x12B)
[0903/135137.873:ERROR:process_memory_win.cc(73)] ReadMemory at 0x1f43d4b0fe0 of 16202 bytes failed: Only part of a ReadProcessMemory or WriteProcessMemory request was completed. (0x12B)
[0903/135137.873:ERROR:process_memory_win.cc(73)] ReadMemory at 0x1f43d4b4f40 of 1012 bytes failed: Only part of a ReadProcessMemory or WriteProcessMemory request was completed. (0x12B)
[0903/135137.873:ERROR:process_memory_win.cc(73)] ReadMemory at 0x1f43d4b5568 of 118 bytes failed: Only part of a ReadProcessMemory or WriteProcessMemory request was completed. (0x12B)
[0903/135137.874:ERROR:process_memory_win.cc(73)] ReadMemory at 0x1f43d4b55e0 of 886 bytes failed: Only part of a ReadProcessMemory or WriteProcessMemory request was completed. (0x12B)
[0903/135137.874:ERROR:process_memory_win.cc(73)] ReadMemory at 0x1f43d4b5958 of 118 bytes failed: Only part of a ReadProcessMemory or WriteProcessMemory request was completed. (0x12B)
[0903/135137.874:ERROR:process_memory_win.cc(73)] ReadMemory at 0x1f43d4b59d0 of 96 bytes failed: Only part of a ReadProcessMemory or WriteProcessMemory request was completed. (0x12B)
[0903/135137.874:ERROR:process_memory_win.cc(73)] ReadMemory at 0x1f43d4b5a40 of 58 bytes failed: Only part of a ReadProcessMemory or WriteProcessMemory request was completed. (0x12B)
[0903/135137.874:ERROR:process_memory_win.cc(73)] ReadMemory at 0x1f43d4b5b40 of 132 bytes failed: Only part of a ReadProcessMemory or WriteProcessMemory request was completed. (0x12B)
[0903/135137.875:ERROR:process_memory_win.cc(73)] ReadMemory at 0x1f43d4b5cd0 of 132 bytes failed: Only part of a ReadProcessMemory or WriteProcessMemory request was completed. (0x12B)
[0903/135137.875:ERROR:process_memory_win.cc(73)] ReadMemory at 0x1f43d4b5e90 of 126 bytes failed: Only part of a ReadProcessMemory or WriteProcessMemory request was completed. (0x12B)
[0903/135137.875:ERROR:process_memory_win.cc(73)] ReadMemory at 0x1f43d4b6270 of 132 bytes failed: Only part of a ReadProcessMemory or WriteProcessMemory request was completed. (0x12B)
[0903/135137.875:ERROR:process_memory_win.cc(73)] ReadMemory at 0x1f43d4b6400 of 64 bytes failed: Only part of a ReadProcessMemory or WriteProcessMemory request was completed. (0x12B)
[0903/135137.875:ERROR:process_memory_win.cc(73)] ReadMemory at 0x1f43d4b65c0 of 132 bytes failed: Only part of a ReadProcessMemory or WriteProcessMemory request was completed. (0x12B)
[0903/135137.875:ERROR:process_memory_win.cc(73)] ReadMemory at 0x1f43d4b6860 of 132 bytes failed: Only part of a ReadProcessMemory or WriteProcessMemory request was completed. (0x12B)
[0903/135137.876:ERROR:process_memory_win.cc(73)] ReadMemory at 0x1f43d4b69f0 of 68 bytes failed: Only part of a ReadProcessMemory or WriteProcessMemory request was completed. (0x12B)
[0903/135137.876:ERROR:process_memory_win.cc(73)] ReadMemory at 0x1f43d4b79f0 of 132 bytes failed: Only part of a ReadProcessMemory or WriteProcessMemory request was completed. (0x12B)
[0903/135137.876:ERROR:process_memory_win.cc(73)] ReadMemory at 0x1f43d4b7b80 of 154 bytes failed: Only part of a ReadProcessMemory or WriteProcessMemory request was completed. (0x12B)
[0903/135137.876:ERROR:process_memory_win.cc(73)] ReadMemory at 0x1f43d4b8990 of 62 bytes failed: Only part of a ReadProcessMemory or WriteProcessMemory request was completed. (0x12B)
[0903/135137.876:ERROR:process_memory_win.cc(73)] ReadMemory at 0x1f43d4b8af0 of 132 bytes failed: Only part of a ReadProcessMemory or WriteProcessMemory request was completed. (0x12B)
[0903/135137.876:ERROR:process_memory_win.cc(73)] ReadMemory at 0x1f43d4b8c80 of 60 bytes failed: Only part of a ReadProcessMemory or WriteProcessMemory request was completed. (0x12B)
[0903/135137.877:ERROR:process_memory_win.cc(73)] ReadMemory at 0x1f43d4c5ed0 of 512 bytes failed: Only part of a ReadProcessMemory or WriteProcessMemory request was completed. (0x12B)
[0903/135137.877:ERROR:process_memory_win.cc(73)] ReadMemory at 0x1f43d4c8140 of 64 bytes failed: Only part of a ReadProcessMemory or WriteProcessMemory request was completed. (0x12B)
[0903/135137.877:ERROR:process_memory_win.cc(73)] ReadMemory at 0x1f43d4c82d0 of 64 bytes failed: Only part of a ReadProcessMemory or WriteProcessMemory request was completed. (0x12B)
[0903/135137.877:ERROR:process_memory_win.cc(73)] ReadMemory at 0x1f43d4c83c0 of 58 bytes failed: Only part of a ReadProcessMemory or WriteProcessMemory request was completed. (0x12B)
[0903/135137.877:ERROR:process_memory_win.cc(73)] ReadMemory at 0x1f43d4c8410 of 62 bytes failed: Only part of a ReadProcessMemory or WriteProcessMemory request was completed. (0x12B)
[0903/135137.878:ERROR:process_memory_win.cc(73)] ReadMemory at 0x1f43d4c84b0 of 62 bytes failed: Only part of a ReadProcessMemory or WriteProcessMemory request was completed. (0x12B)
[0903/135137.878:ERROR:process_memory_win.cc(73)] ReadMemory at 0x1f43d4c8780 of 60 bytes failed: Only part of a ReadProcessMemory or WriteProcessMemory request was completed. (0x12B)
[0903/135137.878:ERROR:process_memory_win.cc(73)] ReadMemory at 0x1f43d4c8910 of 64 bytes failed: Only part of a ReadProcessMemory or WriteProcessMemory request was completed. (0x12B)
[0903/135137.878:ERROR:process_memory_win.cc(73)] ReadMemory at 0x1f43d4c8a50 of 64 bytes failed: Only part of a ReadProcessMemory or WriteProcessMemory request was completed. (0x12B)
[0903/135137.878:ERROR:process_memory_win.cc(73)] ReadMemory at 0x1f43d4c8af0 of 66 bytes failed: Only part of a ReadProcessMemory or WriteProcessMemory request was completed. (0x12B)
[0903/135137.878:ERROR:process_memory_win.cc(73)] ReadMemory at 0x1f43d4c8b40 of 62 bytes failed: Only part of a ReadProcessMemory or WriteProcessMemory request was completed. (0x12B)
[0903/135137.879:ERROR:process_memory_win.cc(73)] ReadMemory at 0x1f43d4c8c30 of 62 bytes failed: Only part of a ReadProcessMemory or WriteProcessMemory request was completed. (0x12B)
[0903/135137.879:ERROR:process_memory_win.cc(73)] ReadMemory at 0x1f43d4c8f50 of 60 bytes failed: Only part of a ReadProcessMemory or WriteProcessMemory request was completed. (0x12B)
[0903/135137.879:ERROR:process_memory_win.cc(73)] ReadMemory at 0x1f43d4c8ff0 of 64 bytes failed: Only part of a ReadProcessMemory or WriteProcessMemory request was completed. (0x12B)
[0903/135137.879:ERROR:process_memory_win.cc(73)] ReadMemory at 0x1f43d4c9040 of 60 bytes failed: Only part of a ReadProcessMemory or WriteProcessMemory request was completed. (0x12B)
[0903/135137.879:ERROR:process_memory_win.cc(73)] ReadMemory at 0x1f43d4cab70 of 54 bytes failed: Only part of a ReadProcessMemory or WriteProcessMemory request was completed. (0x12B)
[0903/135137.879:ERROR:process_memory_win.cc(73)] ReadMemory at 0x1f43d4cc280 of 132 bytes failed: Only part of a ReadProcessMemory or WriteProcessMemory request was completed. (0x12B)
[0903/135137.880:ERROR:process_memory_win.cc(73)] ReadMemory at 0x1f43d4cc480 of 132 bytes failed: Only part of a ReadProcessMemory or WriteProcessMemory request was completed. (0x12B)
[0903/135137.880:ERROR:process_memory_win.cc(73)] ReadMemory at 0x1f43d4cc7d0 of 132 bytes failed: Only part of a ReadProcessMemory or WriteProcessMemory request was completed. (0x12B)
[0903/135137.880:ERROR:process_memory_win.cc(73)] ReadMemory at 0x1f43d4ccbe0 of 132 bytes failed: Only part of a ReadProcessMemory or WriteProcessMemory request was completed. (0x12B)
[0903/135137.880:ERROR:process_memory_win.cc(73)] ReadMemory at 0x1f43d4cd000 of 132 bytes failed: Only part of a ReadProcessMemory or WriteProcessMemory request was completed. (0x12B)
[0903/135137.880:ERROR:process_memory_win.cc(73)] ReadMemory at 0x1f43d4cd9b0 of 132 bytes failed: Only part of a ReadProcessMemory or WriteProcessMemory request was completed. (0x12B)
[0903/135137.880:ERROR:process_memory_win.cc(73)] ReadMemory at 0x1f43d4cdae0 of 132 bytes failed: Only part of a ReadProcessMemory or WriteProcessMemory request was completed. (0x12B)
[0903/135137.880:ERROR:process_memory_win.cc(73)] ReadMemory at 0x1f43d4cdc10 of 132 bytes failed: Only part of a ReadProcessMemory or WriteProcessMemory request was completed. (0x12B)
[0903/135137.881:ERROR:process_memory_win.cc(73)] ReadMemory at 0x1f43d4cdd40 of 132 bytes failed: Only part of a ReadProcessMemory or WriteProcessMemory request was completed. (0x12B)
[0903/135137.881:ERROR:process_memory_win.cc(73)] ReadMemory at 0x1f43d4cde70 of 132 bytes failed: Only part of a ReadProcessMemory or WriteProcessMemory request was completed. (0x12B)
[0903/135137.881:ERROR:process_memory_win.cc(73)] ReadMemory at 0x1f43d4ce0d0 of 132 bytes failed: Only part of a ReadProcessMemory or WriteProcessMemory request was completed. (0x12B)
[0903/135137.881:ERROR:process_memory_win.cc(73)] ReadMemory at 0x1f43d4ce200 of 132 bytes failed: Only part of a ReadProcessMemory or WriteProcessMemory request was completed. (0x12B)
[0903/135137.881:ERROR:process_memory_win.cc(73)] ReadMemory at 0x1f43d4ce330 of 132 bytes failed: Only part of a ReadProcessMemory or WriteProcessMemory request was completed. (0x12B)
[0903/135137.882:ERROR:process_memory_win.cc(73)] ReadMemory at 0x1f43d4ce460 of 132 bytes failed: Only part of a ReadProcessMemory or WriteProcessMemory request was completed. (0x12B)
[0903/135137.882:ERROR:process_memory_win.cc(73)] ReadMemory at 0x1f43d4ce590 of 132 bytes failed: Only part of a ReadProcessMemory or WriteProcessMemory request was completed. (0x12B)
[0903/135137.882:ERROR:process_memory_win.cc(73)] ReadMemory at 0x1f43d4ce6c0 of 132 bytes failed: Only part of a ReadProcessMemory or WriteProcessMemory request was completed. (0x12B)
[0903/135137.882:ERROR:process_memory_win.cc(73)] ReadMemory at 0x1f43d4ce7f0 of 132 bytes failed: Only part of a ReadProcessMemory or WriteProcessMemory request was completed. (0x12B)
[0903/135137.882:ERROR:process_memory_win.cc(73)] ReadMemory at 0x1f43d4ce9c0 of 80 bytes failed: Only part of a ReadProcessMemory or WriteProcessMemory request was completed. (0x12B)
[0903/135137.882:ERROR:process_memory_win.cc(73)] ReadMemory at 0x1f43d4cf6e0 of 76 bytes failed: Only part of a ReadProcessMemory or WriteProcessMemory request was completed. (0x12B)
[0903/135137.883:ERROR:process_memory_win.cc(73)] ReadMemory at 0x1f43d4d1980 of 80 bytes failed: Only part of a ReadProcessMemory or WriteProcessMemory request was completed. (0x12B)
[0903/135137.883:ERROR:process_memory_win.cc(73)] ReadMemory at 0x1f43d4d5520 of 146 bytes failed: Only part of a ReadProcessMemory or WriteProcessMemory request was completed. (0x12B)
[0903/135137.883:ERROR:process_memory_win.cc(73)] ReadMemory at 0x1f43d4d74d0 of 132 bytes failed: Only part of a ReadProcessMemory or WriteProcessMemory request was completed. (0x12B)
[0903/135137.883:ERROR:process_memory_win.cc(73)] ReadMemory at 0x1f43d4d76e0 of 132 bytes failed: Only part of a ReadProcessMemory or WriteProcessMemory request was completed. (0x12B)
[0903/135137.883:ERROR:process_memory_win.cc(73)] ReadMemory at 0x1f43d4d8ca0 of 132 bytes failed: Only part of a ReadProcessMemory or WriteProcessMemory request was completed. (0x12B)
[0903/135137.883:ERROR:process_memory_win.cc(73)] ReadMemory at 0x1f43d4da9e0 of 132 bytes failed: Only part of a ReadProcessMemory or WriteProcessMemory request was completed. (0x12B)
[0903/135137.883:ERROR:process_memory_win.cc(73)] ReadMemory at 0x1f43d4dac00 of 132 bytes failed: Only part of a ReadProcessMemory or WriteProcessMemory request was completed. (0x12B)
[0903/135137.884:ERROR:process_memory_win.cc(73)] ReadMemory at 0x1f43d4dafc0 of 132 bytes failed: Only part of a ReadProcessMemory or WriteProcessMemory request was completed. (0x12B)
[0903/135137.884:ERROR:process_memory_win.cc(73)] ReadMemory at 0x1f43d4db350 of 132 bytes failed: Only part of a ReadProcessMemory or WriteProcessMemory request was completed. (0x12B)
[0903/135137.884:ERROR:process_memory_win.cc(73)] ReadMemory at 0x1f43d4db6e0 of 132 bytes failed: Only part of a ReadProcessMemory or WriteProcessMemory request was completed. (0x12B)
[0903/135137.884:ERROR:process_memory_win.cc(73)] ReadMemory at 0x1f43d4dbe00 of 132 bytes failed: Only part of a ReadProcessMemory or WriteProcessMemory request was completed. (0x12B)
[0903/135137.884:ERROR:process_memory_win.cc(73)] ReadMemory at 0x1f43d4dc060 of 132 bytes failed: Only part of a ReadProcessMemory or WriteProcessMemory request was completed. (0x12B)
[0903/135137.885:ERROR:process_memory_win.cc(73)] ReadMemory at 0x1f43d4dc2c0 of 132 bytes failed: Only part of a ReadProcessMemory or WriteProcessMemory request was completed. (0x12B)
[0903/135137.885:ERROR:process_memory_win.cc(73)] ReadMemory at 0x1f43d4dc3f0 of 132 bytes failed: Only part of a ReadProcessMemory or WriteProcessMemory request was completed. (0x12B)
[0903/135137.885:ERROR:process_memory_win.cc(73)] ReadMemory at 0x1f43d4dc520 of 132 bytes failed: Only part of a ReadProcessMemory or WriteProcessMemory request was completed. (0x12B)
[0903/135137.885:ERROR:process_memory_win.cc(73)] ReadMemory at 0x1f43d4dc650 of 132 bytes failed: Only part of a ReadProcessMemory or WriteProcessMemory request was completed. (0x12B)
[0903/135137.885:ERROR:process_memory_win.cc(73)] ReadMemory at 0x1f43d4dc780 of 132 bytes failed: Only part of a ReadProcessMemory or WriteProcessMemory request was completed. (0x12B)
[0903/135137.885:ERROR:process_memory_win.cc(73)] ReadMemory at 0x1f43d4dcc40 of 132 bytes failed: Only part of a ReadProcessMemory or WriteProcessMemory request was completed. (0x12B)
[0903/135137.886:ERROR:process_memory_win.cc(73)] ReadMemory at 0x1f43d4dda40 of 60 bytes failed: Only part of a ReadProcessMemory or WriteProcessMemory request was completed. (0x12B)
[0903/135137.886:ERROR:process_memory_win.cc(73)] ReadMemory at 0x1f43d4ddb30 of 64 bytes failed: Only part of a ReadProcessMemory or WriteProcessMemory request was completed. (0x12B)
[0903/135137.886:ERROR:process_memory_win.cc(73)] ReadMemory at 0x1f43d4ddc20 of 64 bytes failed: Only part of a ReadProcessMemory or WriteProcessMemory request was completed. (0x12B)
[0903/135137.886:ERROR:process_memory_win.cc(73)] ReadMemory at 0x1f43d4ddf90 of 60 bytes failed: Only part of a ReadProcessMemory or WriteProcessMemory request was completed. (0x12B)
[0903/135137.886:ERROR:process_memory_win.cc(73)] ReadMemory at 0x1f43d4ddfe0 of 60 bytes failed: Only part of a ReadProcessMemory or WriteProcessMemory request was completed. (0x12B)
[0903/135137.886:ERROR:process_memory_win.cc(73)] ReadMemory at 0x1f43d4de0d0 of 62 bytes failed: Only part of a ReadProcessMemory or WriteProcessMemory request was completed. (0x12B)
[0903/135137.886:ERROR:process_memory_win.cc(73)] ReadMemory at 0x1f43d4de3f0 of 64 bytes failed: Only part of a ReadProcessMemory or WriteProcessMemory request was completed. (0x12B)
[0903/135137.887:ERROR:process_memory_win.cc(73)] ReadMemory at 0x1f43d4de490 of 68 bytes failed: Only part of a ReadProcessMemory or WriteProcessMemory request was completed. (0x12B)
[0903/135137.887:ERROR:process_memory_win.cc(73)] ReadMemory at 0x1f43d4de580 of 62 bytes failed: Only part of a ReadProcessMemory or WriteProcessMemory request was completed. (0x12B)
[0903/135137.887:ERROR:process_memory_win.cc(73)] ReadMemory at 0x1f43d4de620 of 62 bytes failed: Only part of a ReadProcessMemory or WriteProcessMemory request was completed. (0x12B)
[0903/135137.887:ERROR:process_memory_win.cc(73)] ReadMemory at 0x1f43d4de670 of 62 bytes failed: Only part of a ReadProcessMemory or WriteProcessMemory request was completed. (0x12B)
[0903/135137.887:ERROR:process_memory_win.cc(73)] ReadMemory at 0x1f43d4de850 of 62 bytes failed: Only part of a ReadProcessMemory or WriteProcessMemory request was completed. (0x12B)
[0903/135137.887:ERROR:process_memory_win.cc(73)] ReadMemory at 0x1f43d4de940 of 62 bytes failed: Only part of a ReadProcessMemory or WriteProcessMemory request was completed. (0x12B)
[0903/135137.888:ERROR:process_memory_win.cc(73)] ReadMemory at 0x1f43d4de990 of 66 bytes failed: Only part of a ReadProcessMemory or WriteProcessMemory request was completed. (0x12B)
[0903/135137.888:ERROR:process_memory_win.cc(73)] ReadMemory at 0x1f43d52ea48 of 512 bytes failed: Only part of a ReadProcessMemory or WriteProcessMemory request was completed. (0x12B)
[0903/135137.888:ERROR:process_memory_win.cc(73)] ReadMemory at 0x1f43d542700 of 512 bytes failed: Only part of a ReadProcessMemory or WriteProcessMemory request was completed. (0x12B)
[0903/135137.888:ERROR:process_memory_win.cc(73)] ReadMemory at 0x1f43d542940 of 512 bytes failed: Only part of a ReadProcessMemory or WriteProcessMemory request was completed. (0x12B)
[0903/135137.888:ERROR:process_memory_win.cc(73)] ReadMemory at 0x1f43d554410 of 512 bytes failed: Only part of a ReadProcessMemory or WriteProcessMemory request was completed. (0x12B)
[0903/135137.889:ERROR:process_memory_win.cc(73)] ReadMemory at 0x1f43d559d50 of 512 bytes failed: Only part of a ReadProcessMemory or WriteProcessMemory request was completed. (0x12B)
[0903/135137.889:ERROR:process_memory_win.cc(73)] ReadMemory at 0x1f43d568ee0 of 712 bytes failed: Only part of a ReadProcessMemory or WriteProcessMemory request was completed. (0x12B)
[0903/135137.889:ERROR:process_memory_win.cc(73)] ReadMemory at 0x1f43d57d9e0 of 512 bytes failed: Only part of a ReadProcessMemory or WriteProcessMemory request was completed. (0x12B)
[0903/135137.889:ERROR:process_memory_win.cc(73)] ReadMemory at 0x1f43edb0000 of 384 bytes failed: Only part of a ReadProcessMemory or WriteProcessMemory request was completed. (0x12B)
[0903/135137.889:ERROR:process_memory_win.cc(73)] ReadMemory at 0x1f43edc5e90 of 512 bytes failed: Only part of a ReadProcessMemory or WriteProcessMemory request was completed. (0x12B)
[0903/135137.889:ERROR:process_memory_win.cc(73)] ReadMemory at 0x1f43ee020d0 of 512 bytes failed: Only part of a ReadProcessMemory or WriteProcessMemory request was completed. (0x12B)
[0903/135137.890:ERROR:process_memory_win.cc(73)] ReadMemory at 0x1f43ee8bf50 of 512 bytes failed: Only part of a ReadProcessMemory or WriteProcessMemory request was completed. (0x12B)
[0903/135137.890:ERROR:process_memory_win.cc(73)] ReadMemory at 0x1f43f1785c0 of 512 bytes failed: Only part of a ReadProcessMemory or WriteProcessMemory request was completed. (0x12B)
[0903/135137.890:ERROR:process_memory_win.cc(73)] ReadMemory at 0x1f43f17ad50 of 512 bytes failed: Only part of a ReadProcessMemory or WriteProcessMemory request was completed. (0x12B)
[0903/135137.890:ERROR:process_memory_win.cc(73)] ReadMemory at 0x1f43f17d9c0 of 512 bytes failed: Only part of a ReadProcessMemory or WriteProcessMemory request was completed. (0x12B)
[0903/135137.890:ERROR:process_memory_win.cc(73)] ReadMemory at 0x1f43f17f588 of 512 bytes failed: Only part of a ReadProcessMemory or WriteProcessMemory request was completed. (0x12B)
[0903/135137.890:ERROR:process_memory_win.cc(73)] ReadMemory at 0x7ffcef31c35e of 512 bytes failed: Only part of a ReadProcessMemory or WriteProcessMemory request was completed. (0x12B)
[0903/135137.891:ERROR:process_memory_win.cc(73)] ReadMemory at 0x7ffcf135d230 of 512 bytes failed: Only part of a ReadProcessMemory or WriteProcessMemory request was completed. (0x12B)
[0903/135137.891:ERROR:process_memory_win.cc(73)] ReadMemory at 0x7ffcf31b33c8 of 512 bytes failed: Only part of a ReadProcessMemory or WriteProcessMemory request was completed. (0x12B)
[0903/135137.891:ERROR:process_memory_win.cc(73)] ReadMemory at 0x7ffd21e079b3 of 512 bytes failed: Only part of a ReadProcessMemory or WriteProcessMemory request was completed. (0x12B)
[0903/135137.891:ERROR:process_memory_win.cc(73)] ReadMemory at 0x7ffd21e081a0 of 512 bytes failed: Only part of a ReadProcessMemory or WriteProcessMemory request was completed. (0x12B)
[0903/135137.891:ERROR:process_memory_win.cc(73)] ReadMemory at 0x7ffd5adae594 of 672 bytes failed: Only part of a ReadProcessMemory or WriteProcessMemory request was completed. (0x12B)
[0903/135137.891:ERROR:process_memory_win.cc(73)] ReadMemory at 0x7ffd5adb1e24 of 608 bytes failed: Only part of a ReadProcessMemory or WriteProcessMemory request was completed. (0x12B)
[0903/135137.892:ERROR:process_memory_win.cc(73)] ReadMemory at 0x7ffd5ae3c158 of 18 bytes failed: Only part of a ReadProcessMemory or WriteProcessMemory request was completed. (0x12B)
[0903/135137.892:ERROR:process_memory_win.cc(73)] ReadMemory at 0x7ffd5ae6f4f8 of 40 bytes failed: Only part of a ReadProcessMemory or WriteProcessMemory request was completed. (0x12B)
[0903/135137.892:ERROR:process_memory_win.cc(73)] ReadMemory at 0x7ffd5ae6f978 of 48 bytes failed: Only part of a ReadProcessMemory or WriteProcessMemory request was completed. (0x12B)
[0903/135137.892:ERROR:process_memory_win.cc(73)] ReadMemory at 0x7ffd5ae753c0 of 64 bytes failed: Only part of a ReadProcessMemory or WriteProcessMemory request was completed. (0x12B)
[0903/135138.652:ERROR:scoped_process_suspend.cc(40)] NtResumeProcess: An attempt was made to access an exiting process. (0xc000010a)
